Arguments: 
  /opt/homebrew/Cellar/node/19.4.0/bin/node /opt/homebrew/bin/yarn add @type/express

PATH: 
  /Library/Frameworks/Python.framework/Versions/3.10/bin:/opt/homebrew/bin:/opt/homebrew/sbin:/usr/local/bin:/System/Cryptexes/App/usr/bin:/usr/bin:/bin:/usr/sbin:/sbin:/usr/local/go/bin:/Library/Apple/usr/bin:/Library/Frameworks/Python.framework/Versions/3.10/bin:/opt/homebrew/bin:/opt/homebrew/sbin:/Users/jackfleenor/.cargo/bin

Yarn version: 
  1.22.18

Node version: 
  19.4.0

Platform: 
  darwin arm64

Trace: 
  Error: https://registry.yarnpkg.com/@type%2fexpress: Not found
      at params.callback [as _callback] (/opt/homebrew/lib/node_modules/yarn/lib/cli.js:66138:18)
      at self.callback (/opt/homebrew/lib/node_modules/yarn/lib/cli.js:140883:22)
      at Request.emit (node:events:513:28)
      at Request.<anonymous> (/opt/homebrew/lib/node_modules/yarn/lib/cli.js:141855:10)
      at Request.emit (node:events:513:28)
      at IncomingMessage.<anonymous> (/opt/homebrew/lib/node_modules/yarn/lib/cli.js:141777:12)
      at Object.onceWrapper (node:events:627:28)
      at IncomingMessage.emit (node:events:525:35)
      at endReadableNT (node:internal/streams/readable:1359:12)
      at process.processTicksAndRejections (node:internal/process/task_queues:82:21)

npm manifest: 
  {
    "name": "rest-api-express-mongo",
    "version": "1.0.0",
    "description": "",
    "main": "app.ts",
    "scripts": {
      "test": "echo \"Error: no test specified\" && exit 1"
    },
    "author": "",
    "license": "ISC",
    "dependencies": {
      "@types/node": "^18.11.18",
      "dotenv": "^16.0.3",
      "expres": "^0.0.5",
      "mongoose": "^6.9.0",
      "ts-node": "^10.9.1"
    }
  }

yarn manifest: 
  No manifest

Lockfile: 
  # THIS IS AN AUTOGENERATED FILE. DO NOT EDIT THIS FILE DIRECTLY.
  # yarn lockfile v1
  
  
  "@aws-crypto/ie11-detection@^3.0.0":
    version "3.0.0"
    resolved "https://registry.yarnpkg.com/@aws-crypto/ie11-detection/-/ie11-detection-3.0.0.tgz#640ae66b4ec3395cee6a8e94ebcd9f80c24cd688"
    integrity sha512-341lBBkiY1DfDNKai/wXM3aujNBkXR7tq1URPQDL9wi3AUbI80NR74uF1TXHMm7po1AcnFk8iu2S2IeU/+/A+Q==
    dependencies:
      tslib "^1.11.1"
  
  "@aws-crypto/sha256-browser@3.0.0":
    version "3.0.0"
    resolved "https://registry.yarnpkg.com/@aws-crypto/sha256-browser/-/sha256-browser-3.0.0.tgz#05f160138ab893f1c6ba5be57cfd108f05827766"
    integrity sha512-8VLmW2B+gjFbU5uMeqtQM6Nj0/F1bro80xQXCW6CQBWgosFWXTx77aeOF5CAIAmbOK64SdMBJdNr6J41yP5mvQ==
    dependencies:
      "@aws-crypto/ie11-detection" "^3.0.0"
      "@aws-crypto/sha256-js" "^3.0.0"
      "@aws-crypto/supports-web-crypto" "^3.0.0"
      "@aws-crypto/util" "^3.0.0"
      "@aws-sdk/types" "^3.222.0"
      "@aws-sdk/util-locate-window" "^3.0.0"
      "@aws-sdk/util-utf8-browser" "^3.0.0"
      tslib "^1.11.1"
  
  "@aws-crypto/sha256-js@3.0.0", "@aws-crypto/sha256-js@^3.0.0":
    version "3.0.0"
    resolved "https://registry.yarnpkg.com/@aws-crypto/sha256-js/-/sha256-js-3.0.0.tgz#f06b84d550d25521e60d2a0e2a90139341e007c2"
    integrity sha512-PnNN7os0+yd1XvXAy23CFOmTbMaDxgxXtTKHybrJ39Y8kGzBATgBFibWJKH6BhytLI/Zyszs87xCOBNyBig6vQ==
    dependencies:
      "@aws-crypto/util" "^3.0.0"
      "@aws-sdk/types" "^3.222.0"
      tslib "^1.11.1"
  
  "@aws-crypto/supports-web-crypto@^3.0.0":
    version "3.0.0"
    resolved "https://registry.yarnpkg.com/@aws-crypto/supports-web-crypto/-/supports-web-crypto-3.0.0.tgz#5d1bf825afa8072af2717c3e455f35cda0103ec2"
    integrity sha512-06hBdMwUAb2WFTuGG73LSC0wfPu93xWwo5vL2et9eymgmu3Id5vFAHBbajVWiGhPO37qcsdCap/FqXvJGJWPIg==
    dependencies:
      tslib "^1.11.1"
  
  "@aws-crypto/util@^3.0.0":
    version "3.0.0"
    resolved "https://registry.yarnpkg.com/@aws-crypto/util/-/util-3.0.0.tgz#1c7ca90c29293f0883468ad48117937f0fe5bfb0"
    integrity sha512-2OJlpeJpCR48CC8r+uKVChzs9Iungj9wkZrl8Z041DWEWvyIHILYKCPNzJghKsivj+S3mLo6BVc7mBNzdxA46w==
    dependencies:
      "@aws-sdk/types" "^3.222.0"
      "@aws-sdk/util-utf8-browser" "^3.0.0"
      tslib "^1.11.1"
  
  "@aws-sdk/abort-controller@3.257.0":
    version "3.257.0"
    resolved "https://registry.yarnpkg.com/@aws-sdk/abort-controller/-/abort-controller-3.257.0.tgz#a9039bd9c409defbbeb7bafef3a1b206fbfedad1"
    integrity sha512-ekWy391lOerS0ZECdhp/c+X7AToJIpfNrCPjuj3bKr+GMQYckGsYsdbm6AUD4sxBmfvuaQmVniSXWovaxwcFcQ==
    dependencies:
      "@aws-sdk/types" "3.257.0"
      tslib "^2.3.1"
  
  "@aws-sdk/client-cognito-identity@3.264.0":
    version "3.264.0"
    resolved "https://registry.yarnpkg.com/@aws-sdk/client-cognito-identity/-/client-cognito-identity-3.264.0.tgz#9b5d85c0c3d46c2f68df10d005659b6f31cd42cc"
    integrity sha512-afOpX6/xKLKRjkbgzfuy9fxCVP+LXCiirjBxhEtpUbKjVOwvShbQXfCPDlG40s5HF485mmR9t0KADoy0El5WsA==
    dependencies:
      "@aws-crypto/sha256-browser" "3.0.0"
      "@aws-crypto/sha256-js" "3.0.0"
      "@aws-sdk/client-sts" "3.264.0"
      "@aws-sdk/config-resolver" "3.259.0"
      "@aws-sdk/credential-provider-node" "3.264.0"
      "@aws-sdk/fetch-http-handler" "3.257.0"
      "@aws-sdk/hash-node" "3.257.0"
      "@aws-sdk/invalid-dependency" "3.257.0"
      "@aws-sdk/middleware-content-length" "3.257.0"
      "@aws-sdk/middleware-endpoint" "3.264.0"
      "@aws-sdk/middleware-host-header" "3.257.0"
      "@aws-sdk/middleware-logger" "3.257.0"
      "@aws-sdk/middleware-recursion-detection" "3.257.0"
      "@aws-sdk/middleware-retry" "3.259.0"
      "@aws-sdk/middleware-serde" "3.257.0"
      "@aws-sdk/middleware-signing" "3.257.0"
      "@aws-sdk/middleware-stack" "3.257.0"
      "@aws-sdk/middleware-user-agent" "3.257.0"
      "@aws-sdk/node-config-provider" "3.259.0"
      "@aws-sdk/node-http-handler" "3.257.0"
      "@aws-sdk/protocol-http" "3.257.0"
      "@aws-sdk/smithy-client" "3.261.0"
      "@aws-sdk/types" "3.257.0"
      "@aws-sdk/url-parser" "3.257.0"
      "@aws-sdk/util-base64" "3.208.0"
      "@aws-sdk/util-body-length-browser" "3.188.0"
      "@aws-sdk/util-body-length-node" "3.208.0"
      "@aws-sdk/util-defaults-mode-browser" "3.261.0"
      "@aws-sdk/util-defaults-mode-node" "3.261.0"
      "@aws-sdk/util-endpoints" "3.257.0"
      "@aws-sdk/util-retry" "3.257.0"
      "@aws-sdk/util-user-agent-browser" "3.257.0"
      "@aws-sdk/util-user-agent-node" "3.259.0"
      "@aws-sdk/util-utf8" "3.254.0"
      tslib "^2.3.1"
  
  "@aws-sdk/client-sso-oidc@3.264.0":
    version "3.264.0"
    resolved "https://registry.yarnpkg.com/@aws-sdk/client-sso-oidc/-/client-sso-oidc-3.264.0.tgz#186fff770e75d1ef72f39a2ab75c49919df92993"
    integrity sha512-82hGEbfsD4lBGIF1q8o82jTNSgBCcBpfFsvA+ltZf0bh4ChIWOi4vVvg8G+zVQN1mm/Rj8vWYO/D0tNF8OSyWw==
    dependencies:
      "@aws-crypto/sha256-browser" "3.0.0"
      "@aws-crypto/sha256-js" "3.0.0"
      "@aws-sdk/config-resolver" "3.259.0"
      "@aws-sdk/fetch-http-handler" "3.257.0"
      "@aws-sdk/hash-node" "3.257.0"
      "@aws-sdk/invalid-dependency" "3.257.0"
      "@aws-sdk/middleware-content-length" "3.257.0"
      "@aws-sdk/middleware-endpoint" "3.264.0"
      "@aws-sdk/middleware-host-header" "3.257.0"
      "@aws-sdk/middleware-logger" "3.257.0"
      "@aws-sdk/middleware-recursion-detection" "3.257.0"
      "@aws-sdk/middleware-retry" "3.259.0"
      "@aws-sdk/middleware-serde" "3.257.0"
      "@aws-sdk/middleware-stack" "3.257.0"
      "@aws-sdk/middleware-user-agent" "3.257.0"
      "@aws-sdk/node-config-provider" "3.259.0"
      "@aws-sdk/node-http-handler" "3.257.0"
      "@aws-sdk/protocol-http" "3.257.0"
      "@aws-sdk/smithy-client" "3.261.0"
      "@aws-sdk/types" "3.257.0"
      "@aws-sdk/url-parser" "3.257.0"
      "@aws-sdk/util-base64" "3.208.0"
      "@aws-sdk/util-body-length-browser" "3.188.0"
      "@aws-sdk/util-body-length-node" "3.208.0"
      "@aws-sdk/util-defaults-mode-browser" "3.261.0"
      "@aws-sdk/util-defaults-mode-node" "3.261.0"
      "@aws-sdk/util-endpoints" "3.257.0"
      "@aws-sdk/util-retry" "3.257.0"
      "@aws-sdk/util-user-agent-browser" "3.257.0"
      "@aws-sdk/util-user-agent-node" "3.259.0"
      "@aws-sdk/util-utf8" "3.254.0"
      tslib "^2.3.1"
  
  "@aws-sdk/client-sso@3.264.0":
    version "3.264.0"
    resolved "https://registry.yarnpkg.com/@aws-sdk/client-sso/-/client-sso-3.264.0.tgz#46725fc7bcaa7bbec3475aa4f8a492639f3bf6dd"
    integrity sha512-p+7sYpRcdv9omnnsPhD/vOFuZ1SpfV62ZgistBK/RDsQg2W9SIWQRW1KPt7gOCQ0nwp4efntw4Sle0LjS7ykxg==
    dependencies:
      "@aws-crypto/sha256-browser" "3.0.0"
      "@aws-crypto/sha256-js" "3.0.0"
      "@aws-sdk/config-resolver" "3.259.0"
      "@aws-sdk/fetch-http-handler" "3.257.0"
      "@aws-sdk/hash-node" "3.257.0"
      "@aws-sdk/invalid-dependency" "3.257.0"
      "@aws-sdk/middleware-content-length" "3.257.0"
      "@aws-sdk/middleware-endpoint" "3.264.0"
      "@aws-sdk/middleware-host-header" "3.257.0"
      "@aws-sdk/middleware-logger" "3.257.0"
      "@aws-sdk/middleware-recursion-detection" "3.257.0"
      "@aws-sdk/middleware-retry" "3.259.0"
      "@aws-sdk/middleware-serde" "3.257.0"
      "@aws-sdk/middleware-stack" "3.257.0"
      "@aws-sdk/middleware-user-agent" "3.257.0"
      "@aws-sdk/node-config-provider" "3.259.0"
      "@aws-sdk/node-http-handler" "3.257.0"
      "@aws-sdk/protocol-http" "3.257.0"
      "@aws-sdk/smithy-client" "3.261.0"
      "@aws-sdk/types" "3.257.0"
      "@aws-sdk/url-parser" "3.257.0"
      "@aws-sdk/util-base64" "3.208.0"
      "@aws-sdk/util-body-length-browser" "3.188.0"
      "@aws-sdk/util-body-length-node" "3.208.0"
      "@aws-sdk/util-defaults-mode-browser" "3.261.0"
      "@aws-sdk/util-defaults-mode-node" "3.261.0"
      "@aws-sdk/util-endpoints" "3.257.0"
      "@aws-sdk/util-retry" "3.257.0"
      "@aws-sdk/util-user-agent-browser" "3.257.0"
      "@aws-sdk/util-user-agent-node" "3.259.0"
      "@aws-sdk/util-utf8" "3.254.0"
      tslib "^2.3.1"
  
  "@aws-sdk/client-sts@3.264.0":
    version "3.264.0"
    resolved "https://registry.yarnpkg.com/@aws-sdk/client-sts/-/client-sts-3.264.0.tgz#d8c51a8b535485ee3d49c4d5a8c63ad948443bb0"
    integrity sha512-sco1jREkDdds4Z3V19Vlu/YpBHSzeEt1KFqOPnbjFw7pSakRNzpyWmLLxOwWjwgGKt6pSF3Aw0ZOMYsAUDc5qQ==
    dependencies:
      "@aws-crypto/sha256-browser" "3.0.0"
      "@aws-crypto/sha256-js" "3.0.0"
      "@aws-sdk/config-resolver" "3.259.0"
      "@aws-sdk/credential-provider-node" "3.264.0"
      "@aws-sdk/fetch-http-handler" "3.257.0"
      "@aws-sdk/hash-node" "3.257.0"
      "@aws-sdk/invalid-dependency" "3.257.0"
      "@aws-sdk/middleware-content-length" "3.257.0"
      "@aws-sdk/middleware-endpoint" "3.264.0"
      "@aws-sdk/middleware-host-header" "3.257.0"
      "@aws-sdk/middleware-logger" "3.257.0"
      "@aws-sdk/middleware-recursion-detection" "3.257.0"
      "@aws-sdk/middleware-retry" "3.259.0"
      "@aws-sdk/middleware-sdk-sts" "3.257.0"
      "@aws-sdk/middleware-serde" "3.257.0"
      "@aws-sdk/middleware-signing" "3.257.0"
      "@aws-sdk/middleware-stack" "3.257.0"
      "@aws-sdk/middleware-user-agent" "3.257.0"
      "@aws-sdk/node-config-provider" "3.259.0"
      "@aws-sdk/node-http-handler" "3.257.0"
      "@aws-sdk/protocol-http" "3.257.0"
      "@aws-sdk/smithy-client" "3.261.0"
      "@aws-sdk/types" "3.257.0"
      "@aws-sdk/url-parser" "3.257.0"
      "@aws-sdk/util-base64" "3.208.0"
      "@aws-sdk/util-body-length-browser" "3.188.0"
      "@aws-sdk/util-body-length-node" "3.208.0"
      "@aws-sdk/util-defaults-mode-browser" "3.261.0"
      "@aws-sdk/util-defaults-mode-node" "3.261.0"
      "@aws-sdk/util-endpoints" "3.257.0"
      "@aws-sdk/util-retry" "3.257.0"
      "@aws-sdk/util-user-agent-browser" "3.257.0"
      "@aws-sdk/util-user-agent-node" "3.259.0"
      "@aws-sdk/util-utf8" "3.254.0"
      fast-xml-parser "4.0.11"
      tslib "^2.3.1"
  
  "@aws-sdk/config-resolver@3.259.0":
    version "3.259.0"
    resolved "https://registry.yarnpkg.com/@aws-sdk/config-resolver/-/config-resolver-3.259.0.tgz#b2c17b681f890dbe31bc1670da41ae653a734c84"
    integrity sha512-gViMRsc4Ye6+nzJ0OYTZIT8m4glIAdtugN2Sr/t6P2iJW5X0bSL/EcbcHBgsve1lHjeGPeyzVkT7UnyGOZ5Z/A==
    dependencies:
      "@aws-sdk/signature-v4" "3.257.0"
      "@aws-sdk/types" "3.257.0"
      "@aws-sdk/util-config-provider" "3.208.0"
      "@aws-sdk/util-middleware" "3.257.0"
      tslib "^2.3.1"
  
  "@aws-sdk/credential-provider-cognito-identity@3.264.0":
    version "3.264.0"
    resolved "https://registry.yarnpkg.com/@aws-sdk/credential-provider-cognito-identity/-/credential-provider-cognito-identity-3.264.0.tgz#798fce3a3a79eb813963169b98b6389869be5d22"
    integrity sha512-0L4offTpZJrX4PkoUI5KXPlG3uaofbmew+tgPphKd+ns3tzhLsltPMixS/04J5qXEfwMCHwvDgSpCenKsUo/wg==
    dependencies:
      "@aws-sdk/client-cognito-identity" "3.264.0"
      "@aws-sdk/property-provider" "3.257.0"
      "@aws-sdk/types" "3.257.0"
      tslib "^2.3.1"
  
  "@aws-sdk/credential-provider-env@3.257.0":
    version "3.257.0"
    resolved "https://registry.yarnpkg.com/@aws-sdk/credential-provider-env/-/credential-provider-env-3.257.0.tgz#131d06bafa738c7f2ce2e7ee12c227ff6a414ada"
    integrity sha512-GsmBi5Di6hk1JAi1iB6/LCY8o+GmlCvJoB7wuoVmXI3VxRVwptUVjuj8EtJbIrVGrF9dSuIRPCzUoSuzEzYGlg==
    dependencies:
      "@aws-sdk/property-provider" "3.257.0"
      "@aws-sdk/types" "3.257.0"
      tslib "^2.3.1"
  
  "@aws-sdk/credential-provider-imds@3.259.0":
    version "3.259.0"
    resolved "https://registry.yarnpkg.com/@aws-sdk/credential-provider-imds/-/credential-provider-imds-3.259.0.tgz#23bfa858dd4e97a6d530b9e3b0f4497ab0a0f8c7"
    integrity sha512-yCxoYWZAaDrCUEWxRfrpB0Mp1cFgJEMYW8T6GIb/+DQ5QLpZmorgaVD/j90QXupqFrR5tlxwuskBIkdD2E9YNg==
    dependencies:
      "@aws-sdk/node-config-provider" "3.259.0"
      "@aws-sdk/property-provider" "3.257.0"
      "@aws-sdk/types" "3.257.0"
      "@aws-sdk/url-parser" "3.257.0"
      tslib "^2.3.1"
  
  "@aws-sdk/credential-provider-ini@3.264.0":
    version "3.264.0"
    resolved "https://registry.yarnpkg.com/@aws-sdk/credential-provider-ini/-/credential-provider-ini-3.264.0.tgz#02ee46f7a12ee9fc8ed1f4d53eca12ac4bfa3d27"
    integrity sha512-UU5NNlfn+Go+5PLBzyTH1YE3r/pgykpE4QYFon87sCnEQnQH9xmlRTW1f1cBSQ9kivbFZd2/C2X3qhB3fe2JfA==
    dependencies:
      "@aws-sdk/credential-provider-env" "3.257.0"
      "@aws-sdk/credential-provider-imds" "3.259.0"
      "@aws-sdk/credential-provider-process" "3.257.0"
      "@aws-sdk/credential-provider-sso" "3.264.0"
      "@aws-sdk/credential-provider-web-identity" "3.257.0"
      "@aws-sdk/property-provider" "3.257.0"
      "@aws-sdk/shared-ini-file-loader" "3.257.0"
      "@aws-sdk/types" "3.257.0"
      tslib "^2.3.1"
  
  "@aws-sdk/credential-provider-node@3.264.0":
    version "3.264.0"
    resolved "https://registry.yarnpkg.com/@aws-sdk/credential-provider-node/-/credential-provider-node-3.264.0.tgz#7bbee601805e32b77e54b89d2cac978f1cbdd254"
    integrity sha512-DPzL7oawcILs5Mduim9Z8SVeJaUpaDRVbUIrBHsMBu+N7Zuqtzr+0ckHc1bEi3iYq2QUCk5pH5vpQaZYkMlbtw==
    dependencies:
      "@aws-sdk/credential-provider-env" "3.257.0"
      "@aws-sdk/credential-provider-imds" "3.259.0"
      "@aws-sdk/credential-provider-ini" "3.264.0"
      "@aws-sdk/credential-provider-process" "3.257.0"
      "@aws-sdk/credential-provider-sso" "3.264.0"
      "@aws-sdk/credential-provider-web-identity" "3.257.0"
      "@aws-sdk/property-provider" "3.257.0"
      "@aws-sdk/shared-ini-file-loader" "3.257.0"
      "@aws-sdk/types" "3.257.0"
      tslib "^2.3.1"
  
  "@aws-sdk/credential-provider-process@3.257.0":
    version "3.257.0"
    resolved "https://registry.yarnpkg.com/@aws-sdk/credential-provider-process/-/credential-provider-process-3.257.0.tgz#7fd27f48606ad7c2af375b168c8e38dc938e3162"
    integrity sha512-xK8uYeNXaclaBCGrLi4z2pxPRngqLf5BM5jg2fn57zqvlL9V5gJF972FehrVBL0bfp1/laG0ZJtD2K2sapyWAw==
    dependencies:
      "@aws-sdk/property-provider" "3.257.0"
      "@aws-sdk/shared-ini-file-loader" "3.257.0"
      "@aws-sdk/types" "3.257.0"
      tslib "^2.3.1"
  
  "@aws-sdk/credential-provider-sso@3.264.0":
    version "3.264.0"
    resolved "https://registry.yarnpkg.com/@aws-sdk/credential-provider-sso/-/credential-provider-sso-3.264.0.tgz#70132bbf4a6b71c484496ec89d006c3b19762e44"
    integrity sha512-CJuAlqIIJap6LXoqimvEAnYZ7Kb5pTbiS3e+aY+fajO3OPujmQpHuiY8kOmscjwZ4ErJdEskivcTGwXph0dPZQ==
    dependencies:
      "@aws-sdk/client-sso" "3.264.0"
      "@aws-sdk/property-provider" "3.257.0"
      "@aws-sdk/shared-ini-file-loader" "3.257.0"
      "@aws-sdk/token-providers" "3.264.0"
      "@aws-sdk/types" "3.257.0"
      tslib "^2.3.1"
  
  "@aws-sdk/credential-provider-web-identity@3.257.0":
    version "3.257.0"
    resolved "https://registry.yarnpkg.com/@aws-sdk/credential-provider-web-identity/-/credential-provider-web-identity-3.257.0.tgz#928f3234818c6acbf67bf157e4a366f920285e62"
    integrity sha512-Cm0uvRv4JuIbD0Kp3W0J/vwjADIyCx8HoZi5yg+QIi5nilocuTQ3ajvLeuPVSvFvdy+yaxSc5FxNXquWt7Mngw==
    dependencies:
      "@aws-sdk/property-provider" "3.257.0"
      "@aws-sdk/types" "3.257.0"
      tslib "^2.3.1"
  
  "@aws-sdk/credential-providers@^3.186.0":
    version "3.264.0"
    resolved "https://registry.yarnpkg.com/@aws-sdk/credential-providers/-/credential-providers-3.264.0.tgz#211d40b16f6735e8f138000f31a7e548dee4e08f"
    integrity sha512-4iSr1Z7Uf8uDraQ7JYoMotVLhmnGFAGsH559KBPxuxjMjg2lku9GA5V1zw7SNV8FEcj+Sh5HrpJvJ7P1kA+YjA==
    dependencies:
      "@aws-sdk/client-cognito-identity" "3.264.0"
      "@aws-sdk/client-sso" "3.264.0"
      "@aws-sdk/client-sts" "3.264.0"
      "@aws-sdk/credential-provider-cognito-identity" "3.264.0"
      "@aws-sdk/credential-provider-env" "3.257.0"
      "@aws-sdk/credential-provider-imds" "3.259.0"
      "@aws-sdk/credential-provider-ini" "3.264.0"
      "@aws-sdk/credential-provider-node" "3.264.0"
      "@aws-sdk/credential-provider-process" "3.257.0"
      "@aws-sdk/credential-provider-sso" "3.264.0"
      "@aws-sdk/credential-provider-web-identity" "3.257.0"
      "@aws-sdk/property-provider" "3.257.0"
      "@aws-sdk/shared-ini-file-loader" "3.257.0"
      "@aws-sdk/types" "3.257.0"
      tslib "^2.3.1"
  
  "@aws-sdk/fetch-http-handler@3.257.0":
    version "3.257.0"
    resolved "https://registry.yarnpkg.com/@aws-sdk/fetch-http-handler/-/fetch-http-handler-3.257.0.tgz#0b384ad33a57479f340ba558920a3eedded82131"
    integrity sha512-zOF+RzQ+wfF7tq7tGUdPcqUTh3+k2f8KCVJE07A8kCopVq4nBu4NH6Eq29Tjpwdya3YlKvE+kFssuQRRRRex+Q==
    dependencies:
      "@aws-sdk/protocol-http" "3.257.0"
      "@aws-sdk/querystring-builder" "3.257.0"
      "@aws-sdk/types" "3.257.0"
      "@aws-sdk/util-base64" "3.208.0"
      tslib "^2.3.1"
  
  "@aws-sdk/hash-node@3.257.0":
    version "3.257.0"
    resolved "https://registry.yarnpkg.com/@aws-sdk/hash-node/-/hash-node-3.257.0.tgz#517e4c3c957586c0f35f916fd5c8c9841292f01f"
    integrity sha512-W/USUuea5Ep3OJ2U7Ve8/5KN1YsDun2WzOFUxc1PyxXP5pW6OgC15/op0e+bmWPG851clvp5S8ZuroUr3aKi3Q==
    dependencies:
      "@aws-sdk/types" "3.257.0"
      "@aws-sdk/util-buffer-from" "3.208.0"
      "@aws-sdk/util-utf8" "3.254.0"
      tslib "^2.3.1"
  
  "@aws-sdk/invalid-dependency@3.257.0":
    version "3.257.0"
    resolved "https://registry.yarnpkg.com/@aws-sdk/invalid-dependency/-/invalid-dependency-3.257.0.tgz#e4cb2c7be40aa061dff32b0dc70db966da0938eb"
    integrity sha512-T68SAPRNMEhpke0wlxURgogL7q0B8dfqZsSeS20BVR/lksJxLse9+pbmCDxiu1RrXoEIsEwl5rbLN+Hw8BFFYw==
    dependencies:
      "@aws-sdk/types" "3.257.0"
      tslib "^2.3.1"
  
  "@aws-sdk/is-array-buffer@3.201.0":
    version "3.201.0"
    resolved "https://registry.yarnpkg.com/@aws-sdk/is-array-buffer/-/is-array-buffer-3.201.0.tgz#06e557adc284fac2f26071c2944ae01f61b95854"
    integrity sha512-UPez5qLh3dNgt0DYnPD/q0mVJY84rA17QE26hVNOW3fAji8W2wrwrxdacWOxyXvlxWsVRcKmr+lay1MDqpAMfg==
    dependencies:
      tslib "^2.3.1"
  
  "@aws-sdk/middleware-content-length@3.257.0":
    version "3.257.0"
    resolved "https://registry.yarnpkg.com/@aws-sdk/middleware-content-length/-/middleware-content-length-3.257.0.tgz#b84274ccdfca70068ce8526a197ab00359404a9a"
    integrity sha512-yiawbV2azm6QnMY1L2ypG8PDRdjOcEIvFmT0T7y0F49rfbKJOu21j1ONAoCkLrINK6kMqcD5JSQLVCoURxiTxQ==
    dependencies:
      "@aws-sdk/protocol-http" "3.257.0"
      "@aws-sdk/types" "3.257.0"
      tslib "^2.3.1"
  
  "@aws-sdk/middleware-endpoint@3.264.0":
    version "3.264.0"
    resolved "https://registry.yarnpkg.com/@aws-sdk/middleware-endpoint/-/middleware-endpoint-3.264.0.tgz#c700835a3d3d00d954068718bbdd867af1847a3e"
    integrity sha512-H9JEAug3Oo3IA2wZIplVVF6NtauCIjICXWgbNbA8Im+I2KPe0jWtOdtQv4U+tqHe9T4zIixaCM3gjUBld+FoOA==
    dependencies:
      "@aws-sdk/middleware-serde" "3.257.0"
      "@aws-sdk/protocol-http" "3.257.0"
      "@aws-sdk/signature-v4" "3.257.0"
      "@aws-sdk/types" "3.257.0"
      "@aws-sdk/url-parser" "3.257.0"
      "@aws-sdk/util-config-provider" "3.208.0"
      "@aws-sdk/util-middleware" "3.257.0"
      tslib "^2.3.1"
  
  "@aws-sdk/middleware-host-header@3.257.0":
    version "3.257.0"
    resolved "https://registry.yarnpkg.com/@aws-sdk/middleware-host-header/-/middleware-host-header-3.257.0.tgz#75d2ddb8073f901961665070d69c5ff3736fabdc"
    integrity sha512-gEi9AJdJfRfU8Qr6HK1hfhxTzyV3Giq4B/h7um99hIFAT/GCg9xiPvAOKPo6UeuiKEv3b7RpSL4s6cBvnJMJBA==
    dependencies:
      "@aws-sdk/protocol-http" "3.257.0"
      "@aws-sdk/types" "3.257.0"
      tslib "^2.3.1"
  
  "@aws-sdk/middleware-logger@3.257.0":
    version "3.257.0"
    resolved "https://registry.yarnpkg.com/@aws-sdk/middleware-logger/-/middleware-logger-3.257.0.tgz#db35e776fe3561d0602fa39d6c69d68ee4ab36ca"
    integrity sha512-8RDXW/VbMKBsXDfcCLmROZcWKyrekyiPa3J1aIaBy0tq9o4xpGoXw/lwwIrNVvISAFslb57rteup34bfn6ta6w==
    dependencies:
      "@aws-sdk/types" "3.257.0"
      tslib "^2.3.1"
  
  "@aws-sdk/middleware-recursion-detection@3.257.0":
    version "3.257.0"
    resolved "https://registry.yarnpkg.com/@aws-sdk/middleware-recursion-detection/-/middleware-recursion-detection-3.257.0.tgz#83512e0228b41dfc37a337d2ad064cf6dc41f8df"
    integrity sha512-rUCih6zHh8k9Edf5N5Er4s508FYbwLM0MWTD2axzlj9TjLqEQ9OKED3wHaLffXSDzodd3oTAfJCLPbWQyoZ3ZQ==
    dependencies:
      "@aws-sdk/protocol-http" "3.257.0"
      "@aws-sdk/types" "3.257.0"
      tslib "^2.3.1"
  
  "@aws-sdk/middleware-retry@3.259.0":
    version "3.259.0"
    resolved "https://registry.yarnpkg.com/@aws-sdk/middleware-retry/-/middleware-retry-3.259.0.tgz#18bbb2cd655fff1ea155dfcb9eaa2b583b67e42e"
    integrity sha512-pVh1g8e84MAi7eVtWLiiiCtn82LzxOP7+LxTRHatmgIeN22yGQBZILliPDJypUPvDYlwxI1ekiK+oPTcte0Uww==
    dependencies:
      "@aws-sdk/protocol-http" "3.257.0"
      "@aws-sdk/service-error-classification" "3.257.0"
      "@aws-sdk/types" "3.257.0"
      "@aws-sdk/util-middleware" "3.257.0"
      "@aws-sdk/util-retry" "3.257.0"
      tslib "^2.3.1"
      uuid "^8.3.2"
  
  "@aws-sdk/middleware-sdk-sts@3.257.0":
    version "3.257.0"
    resolved "https://registry.yarnpkg.com/@aws-sdk/middleware-sdk-sts/-/middleware-sdk-sts-3.257.0.tgz#9cfbe9e8846c9053a40e32bc695f4bd735afeae2"
    integrity sha512-d6IJCLRi3O2tm4AFK60WNhIwmMmspj1WzKR1q1TaoPzoREPG2xg+Am18wZBRkCyYuRPPrbizmkvAmAJiUolMAw==
    dependencies:
      "@aws-sdk/middleware-signing" "3.257.0"
      "@aws-sdk/property-provider" "3.257.0"
      "@aws-sdk/protocol-http" "3.257.0"
      "@aws-sdk/signature-v4" "3.257.0"
      "@aws-sdk/types" "3.257.0"
      tslib "^2.3.1"
  
  "@aws-sdk/middleware-serde@3.257.0":
    version "3.257.0"
    resolved "https://registry.yarnpkg.com/@aws-sdk/middleware-serde/-/middleware-serde-3.257.0.tgz#13c529b942dafffcb198d9333f8f8dc2a662c187"
    integrity sha512-/JasfXPWFq24mnCrx9fxW/ISBSp07RJwhsF14qzm8Qy3Z0z470C+QRM6otTwAkYuuVt1wuLjja5agq3Jtzq7dQ==
    dependencies:
      "@aws-sdk/types" "3.257.0"
      tslib "^2.3.1"
  
  "@aws-sdk/middleware-signing@3.257.0":
    version "3.257.0"
    resolved "https://registry.yarnpkg.com/@aws-sdk/middleware-signing/-/middleware-signing-3.257.0.tgz#436c9e2fbbe1342c30572028e90ac62f7e90548f"
    integrity sha512-hCH3D83LHmm6nqmtNrGTWZCVjsQXrGHIXbd17/qrw7aPFvcAhsiiCncGFP+XsUXEKa2ZqcSNMUyPrx69ofNRZQ==
    dependencies:
      "@aws-sdk/property-provider" "3.257.0"
      "@aws-sdk/protocol-http" "3.257.0"
      "@aws-sdk/signature-v4" "3.257.0"
      "@aws-sdk/types" "3.257.0"
      "@aws-sdk/util-middleware" "3.257.0"
      tslib "^2.3.1"
  
  "@aws-sdk/middleware-stack@3.257.0":
    version "3.257.0"
    resolved "https://registry.yarnpkg.com/@aws-sdk/middleware-stack/-/middleware-stack-3.257.0.tgz#c9fdc580c5337b703f87f6ae7df283540d6f16ac"
    integrity sha512-awg2F0SvwACBaw4HIObK8pQGfSqAc4Vy+YFzWSfZNVC35oRO6RsRdKHVU99lRC0LrT2Ptmfghl2DMPSrRDbvlQ==
    dependencies:
      tslib "^2.3.1"
  
  "@aws-sdk/middleware-user-agent@3.257.0":
    version "3.257.0"
    resolved "https://registry.yarnpkg.com/@aws-sdk/middleware-user-agent/-/middleware-user-agent-3.257.0.tgz#9ca650f5909bd9b55879835088760173a9d3d249"
    integrity sha512-37rt75LZyD0UWpbcFuxEGqwF3DZKSixQPl7AsDe6q3KtrO5gGQB+diH5vbY0txNNYyv5IK9WMwvY73mVmoWRmw==
    dependencies:
      "@aws-sdk/protocol-http" "3.257.0"
      "@aws-sdk/types" "3.257.0"
      tslib "^2.3.1"
  
  "@aws-sdk/node-config-provider@3.259.0":
    version "3.259.0"
    resolved "https://registry.yarnpkg.com/@aws-sdk/node-config-provider/-/node-config-provider-3.259.0.tgz#0b522020c4a0e445b41f7150ce624b7b63e96e68"
    integrity sha512-DUOqr71oonBvM6yKPdhDBmraqgXHCFrVWFw7hc5ZNxL2wS/EsbKfGPJp+C+SUgpn1upIWPNnh/bNoLAbBkcLsA==
    dependencies:
      "@aws-sdk/property-provider" "3.257.0"
      "@aws-sdk/shared-ini-file-loader" "3.257.0"
      "@aws-sdk/types" "3.257.0"
      tslib "^2.3.1"
  
  "@aws-sdk/node-http-handler@3.257.0":
    version "3.257.0"
    resolved "https://registry.yarnpkg.com/@aws-sdk/node-http-handler/-/node-http-handler-3.257.0.tgz#33e3ba0d8b0bf72a05be6c91e6b4cf90b8a7b786"
    integrity sha512-8KnWHVVwaGKyTlkTU9BSOAiSovNDoagxemU2l10QqBbzUCVpljCUMUkABEGRJ1yoQCl6DJ7RtNkAyZ8Ne/E15A==
    dependencies:
      "@aws-sdk/abort-controller" "3.257.0"
      "@aws-sdk/protocol-http" "3.257.0"
      "@aws-sdk/querystring-builder" "3.257.0"
      "@aws-sdk/types" "3.257.0"
      tslib "^2.3.1"
  
  "@aws-sdk/property-provider@3.257.0":
    version "3.257.0"
    resolved "https://registry.yarnpkg.com/@aws-sdk/property-provider/-/property-provider-3.257.0.tgz#dd6872ace54f8fd691a15167490ab52e40306c58"
    integrity sha512-3rUbRAcF0GZ5PhDiXhS4yREfZ5hOEtvYEa9S/19OdM5eoypOaLU5XnFcCKfnccSP8SkdgpJujzxOMRWNWadlAQ==
    dependencies:
      "@aws-sdk/types" "3.257.0"
      tslib "^2.3.1"
  
  "@aws-sdk/protocol-http@3.257.0":
    version "3.257.0"
    resolved "https://registry.yarnpkg.com/@aws-sdk/protocol-http/-/protocol-http-3.257.0.tgz#1452ce4f6a51e24297cc39f73aa889570dddd348"
    integrity sha512-xt7LGOgZIvbLS3418AYQLacOqx+mo5j4mPiIMz7f6AaUg+/fBUgESVsncKDqxbEJVwwCXSka8Ca0cntJmoeMSw==
    dependencies:
      "@aws-sdk/types" "3.257.0"
      tslib "^2.3.1"
  
  "@aws-sdk/querystring-builder@3.257.0":
    version "3.257.0"
    resolved "https://registry.yarnpkg.com/@aws-sdk/querystring-builder/-/querystring-builder-3.257.0.tgz#75e662fc451cf59763bdee52ba64b05e5cd2de0a"
    integrity sha512-mZHWLP7XIkzx1GIXO5WfX/iJ+aY9TWs02RE9FkdL2+by0HEMR65L3brQTbU1mIBJ7BjaPwYH24dljUOSABX7yg==
    dependencies:
      "@aws-sdk/types" "3.257.0"
      "@aws-sdk/util-uri-escape" "3.201.0"
      tslib "^2.3.1"
  
  "@aws-sdk/querystring-parser@3.257.0":
    version "3.257.0"
    resolved "https://registry.yarnpkg.com/@aws-sdk/querystring-parser/-/querystring-parser-3.257.0.tgz#c8614e424d7d840c01be919161f61ef85eca46af"
    integrity sha512-UDrE1dEwWrWT8dG2VCrGYrPxCWOkZ1fPTPkjpkR4KZEdQDZBqU5gYZF2xPj8Nz7pjQVHFuW2wFm3XYEk56GEjg==
    dependencies:
      "@aws-sdk/types" "3.257.0"
      tslib "^2.3.1"
  
  "@aws-sdk/service-error-classification@3.257.0":
    version "3.257.0"
    resolved "https://registry.yarnpkg.com/@aws-sdk/service-error-classification/-/service-error-classification-3.257.0.tgz#a374e811ac587b9beb6e3fda77f2249570da7a8e"
    integrity sha512-FAyR0XsueGkkqDtkP03cTJQk52NdQ9sZelLynmmlGPUP75LApRPvFe1riKrou6+LsDbwVNVffj6mbDfIcOhaOw==
  
  "@aws-sdk/shared-ini-file-loader@3.257.0":
    version "3.257.0"
    resolved "https://registry.yarnpkg.com/@aws-sdk/shared-ini-file-loader/-/shared-ini-file-loader-3.257.0.tgz#513eee5c7ffa343bf5d91bdd73870fc5c47a4ad3"
    integrity sha512-HNjC1+Wx3xHiJc+CP14GhIdVhfQGSjroAsWseRxAhONocA9Fl1ZX4hx7+sA5c9nOoMVOovi6ivJ/6lCRPTDRrQ==
    dependencies:
      "@aws-sdk/types" "3.257.0"
      tslib "^2.3.1"
  
  "@aws-sdk/signature-v4@3.257.0":
    version "3.257.0"
    resolved "https://registry.yarnpkg.com/@aws-sdk/signature-v4/-/signature-v4-3.257.0.tgz#c2f0c998bfe1980ed91e0f92c311682a61de0f90"
    integrity sha512-aLQQN59X/D0+ShzPD3Anj5ntdMA/RFeNLOUCDyDvremViGi6yxUS98usQ/8bG5Rq0sW2GGMdbFUFmrDvqdiqEQ==
    dependencies:
      "@aws-sdk/is-array-buffer" "3.201.0"
      "@aws-sdk/types" "3.257.0"
      "@aws-sdk/util-hex-encoding" "3.201.0"
      "@aws-sdk/util-middleware" "3.257.0"
      "@aws-sdk/util-uri-escape" "3.201.0"
      "@aws-sdk/util-utf8" "3.254.0"
      tslib "^2.3.1"
  
  "@aws-sdk/smithy-client@3.261.0":
    version "3.261.0"
    resolved "https://registry.yarnpkg.com/@aws-sdk/smithy-client/-/smithy-client-3.261.0.tgz#538096a39198cf41fa8002467536e5af1958c518"
    integrity sha512-j8XQEa3caZUVFVZfhJjaskw80O/tB+IXu84HMN44N7UkXaCFHirUsNjTDztJhnVXf/gKXzIqUqprfRnOvwLtIg==
    dependencies:
      "@aws-sdk/middleware-stack" "3.257.0"
      "@aws-sdk/types" "3.257.0"
      tslib "^2.3.1"
  
  "@aws-sdk/token-providers@3.264.0":
    version "3.264.0"
    resolved "https://registry.yarnpkg.com/@aws-sdk/token-providers/-/token-providers-3.264.0.tgz#411c2f2d1e4080d2079adcf07deebd9696f2af75"
    integrity sha512-1N54FCdBJRqrwFWHUoDpGI0rKhI29Or9ZwGjjcBzKzLhz5sEF/DEhuID7h1/KKEkXdQ0+lmXOFGMMrahrMpOow==
    dependencies:
      "@aws-sdk/client-sso-oidc" "3.264.0"
      "@aws-sdk/property-provider" "3.257.0"
      "@aws-sdk/shared-ini-file-loader" "3.257.0"
      "@aws-sdk/types" "3.257.0"
      tslib "^2.3.1"
  
  "@aws-sdk/types@3.257.0", "@aws-sdk/types@^3.222.0":
    version "3.257.0"
    resolved "https://registry.yarnpkg.com/@aws-sdk/types/-/types-3.257.0.tgz#4951ee3456cd9a46829516f5596c2b8a05ffe06a"
    integrity sha512-LmqXuBQBGeaGi/3Rp7XiEX1B5IPO2UUfBVvu0wwGqVsmstT0SbOVDZGPmxygACbm64n+PRx3uTSDefRfoiWYZg==
    dependencies:
      tslib "^2.3.1"
  
  "@aws-sdk/url-parser@3.257.0":
    version "3.257.0"
    resolved "https://registry.yarnpkg.com/@aws-sdk/url-parser/-/url-parser-3.257.0.tgz#99b1abb302426f1b24c9777789fb0479d52d675d"
    integrity sha512-Qe/AcFe/NFZHa6cN2afXEQn9ehXxh57dWGdRjfjd2lQqNV4WW1R2pl2Tm1ZJ1dwuCNLJi4NHLMk8lrD3QQ8rdg==
    dependencies:
      "@aws-sdk/querystring-parser" "3.257.0"
      "@aws-sdk/types" "3.257.0"
      tslib "^2.3.1"
  
  "@aws-sdk/util-base64@3.208.0":
    version "3.208.0"
    resolved "https://registry.yarnpkg.com/@aws-sdk/util-base64/-/util-base64-3.208.0.tgz#36b430e5396251f761590f7c2f0c5c12193f353c"
    integrity sha512-PQniZph5A6N7uuEOQi+1hnMz/FSOK/8kMFyFO+4DgA1dZ5pcKcn5wiFwHkcTb/BsgVqQa3Jx0VHNnvhlS8JyTg==
    dependencies:
      "@aws-sdk/util-buffer-from" "3.208.0"
      tslib "^2.3.1"
  
  "@aws-sdk/util-body-length-browser@3.188.0":
    version "3.188.0"
    resolved "https://registry.yarnpkg.com/@aws-sdk/util-body-length-browser/-/util-body-length-browser-3.188.0.tgz#e1d949318c10a621b38575a9ef01e39f9857ddb0"
    integrity sha512-8VpnwFWXhnZ/iRSl9mTf+VKOX9wDE8QtN4bj9pBfxwf90H1X7E8T6NkiZD3k+HubYf2J94e7DbeHs7fuCPW5Qg==
    dependencies:
      tslib "^2.3.1"
  
  "@aws-sdk/util-body-length-node@3.208.0":
    version "3.208.0"
    resolved "https://registry.yarnpkg.com/@aws-sdk/util-body-length-node/-/util-body-length-node-3.208.0.tgz#baabd1fa1206ff2bd4ce3785122d86eb3258dd20"
    integrity sha512-3zj50e5g7t/MQf53SsuuSf0hEELzMtD8RX8C76f12OSRo2Bca4FLLYHe0TZbxcfQHom8/hOaeZEyTyMogMglqg==
    dependencies:
      tslib "^2.3.1"
  
  "@aws-sdk/util-buffer-from@3.208.0":
    version "3.208.0"
    resolved "https://registry.yarnpkg.com/@aws-sdk/util-buffer-from/-/util-buffer-from-3.208.0.tgz#285e86f6dc9030148a4147d65239e75cb254a1b0"
    integrity sha512-7L0XUixNEFcLUGPeBF35enCvB9Xl+K6SQsmbrPk1P3mlV9mguWSDQqbOBwY1Ir0OVbD6H/ZOQU7hI/9RtRI0Zw==
    dependencies:
      "@aws-sdk/is-array-buffer" "3.201.0"
      tslib "^2.3.1"
  
  "@aws-sdk/util-config-provider@3.208.0":
    version "3.208.0"
    resolved "https://registry.yarnpkg.com/@aws-sdk/util-config-provider/-/util-config-provider-3.208.0.tgz#c485fd83fbac051337e5f6be60ea3f9fa61c0139"
    integrity sha512-DSRqwrERUsT34ug+anlMBIFooBEGwM8GejC7q00Y/9IPrQy50KnG5PW2NiTjuLKNi7pdEOlwTSEocJE15eDZIg==
    dependencies:
      tslib "^2.3.1"
  
  "@aws-sdk/util-defaults-mode-browser@3.261.0":
    version "3.261.0"
    resolved "https://registry.yarnpkg.com/@aws-sdk/util-defaults-mode-browser/-/util-defaults-mode-browser-3.261.0.tgz#ea9f43fa569887a11db289b2e77ec6e518c5f4ed"
    integrity sha512-lX3X1NfzQVV6cakepGV24uRcqevlDnQ8VgaCV8dhnw1FVThueFigyoFaUA02+uRXbV9KIbNWkEvweNtm2wvyDw==
    dependencies:
      "@aws-sdk/property-provider" "3.257.0"
      "@aws-sdk/types" "3.257.0"
      bowser "^2.11.0"
      tslib "^2.3.1"
  
  "@aws-sdk/util-defaults-mode-node@3.261.0":
    version "3.261.0"
    resolved "https://registry.yarnpkg.com/@aws-sdk/util-defaults-mode-node/-/util-defaults-mode-node-3.261.0.tgz#a7c09e3912a0f23e42b5c183d2a297b632014f9f"
    integrity sha512-4AK6yu4bOmHSocUdbGoEHbNXB09UA58ON2HBHY4NxMBuFBAd9XB2tYiyhce+Cm+o+lHbS8oQnw0VZw16WMzzew==
    dependencies:
      "@aws-sdk/config-resolver" "3.259.0"
      "@aws-sdk/credential-provider-imds" "3.259.0"
      "@aws-sdk/node-config-provider" "3.259.0"
      "@aws-sdk/property-provider" "3.257.0"
      "@aws-sdk/types" "3.257.0"
      tslib "^2.3.1"
  
  "@aws-sdk/util-endpoints@3.257.0":
    version "3.257.0"
    resolved "https://registry.yarnpkg.com/@aws-sdk/util-endpoints/-/util-endpoints-3.257.0.tgz#40cc8f67b996f8ea173f43d0e58e57ca8c244e67"
    integrity sha512-3bvmRn5XGYzPPWjLuvHBKdJOb+fijnb8Ungu9bfXnTYFsng/ndHUWeHC22O/p8w3OWoRYUIMaZHxdxe27BFozg==
    dependencies:
      "@aws-sdk/types" "3.257.0"
      tslib "^2.3.1"
  
  "@aws-sdk/util-hex-encoding@3.201.0":
    version "3.201.0"
    resolved "https://registry.yarnpkg.com/@aws-sdk/util-hex-encoding/-/util-hex-encoding-3.201.0.tgz#21d7ec319240ee68c33d938e71cb79830bea315d"
    integrity sha512-7t1vR1pVxKx0motd3X9rI3m/xNp78p3sHtP5yo4NP4ARpxyJ0fokBomY8ScaH2D/B+U5o9ARxldJUdMqyBlJcA==
    dependencies:
      tslib "^2.3.1"
  
  "@aws-sdk/util-locate-window@^3.0.0":
    version "3.208.0"
    resolved "https://registry.yarnpkg.com/@aws-sdk/util-locate-window/-/util-locate-window-3.208.0.tgz#0f598fc238a1256e4bcb64d01459f03a922dd4c3"
    integrity sha512-iua1A2+P7JJEDHVgvXrRJSvsnzG7stYSGQnBVphIUlemwl6nN5D+QrgbjECtrbxRz8asYFHSzhdhECqN+tFiBg==
    dependencies:
      tslib "^2.3.1"
  
  "@aws-sdk/util-middleware@3.257.0":
    version "3.257.0"
    resolved "https://registry.yarnpkg.com/@aws-sdk/util-middleware/-/util-middleware-3.257.0.tgz#b84ee6832eea9d439ff7e7a0453ea56af87b6b7a"
    integrity sha512-F9ieon8B8eGVs5tyZtAIG3DZEObDvujkspho0qRbUTHUosM0ylJLsMU800fmC/uRHLRrZvb/RSp59+kNDwSAMw==
    dependencies:
      tslib "^2.3.1"
  
  "@aws-sdk/util-retry@3.257.0":
    version "3.257.0"
    resolved "https://registry.yarnpkg.com/@aws-sdk/util-retry/-/util-retry-3.257.0.tgz#20454375267e120576c9f24316dad0ebc489dc4b"
    integrity sha512-l9TOsOAYtZxwW3q5fQKW4rsD9t2HVaBfQ4zBamHkNTfB4vBVvCnz4oxkvSvA2MlxCA6am+K1K/oj917Tpqk53g==
    dependencies:
      "@aws-sdk/service-error-classification" "3.257.0"
      tslib "^2.3.1"
  
  "@aws-sdk/util-uri-escape@3.201.0":
    version "3.201.0"
    resolved "https://registry.yarnpkg.com/@aws-sdk/util-uri-escape/-/util-uri-escape-3.201.0.tgz#5e708d4cde001a4558ee616f889ceacfadd2ab03"
    integrity sha512-TeTWbGx4LU2c5rx0obHeDFeO9HvwYwQtMh1yniBz00pQb6Qt6YVOETVQikRZ+XRQwEyCg/dA375UplIpiy54mA==
    dependencies:
      tslib "^2.3.1"
  
  "@aws-sdk/util-user-agent-browser@3.257.0":
    version "3.257.0"
    resolved "https://registry.yarnpkg.com/@aws-sdk/util-user-agent-browser/-/util-user-agent-browser-3.257.0.tgz#6fa29ab2a15bfa82ce77d77b12891109b7673fb9"
    integrity sha512-YdavWK6/8Cw6mypEgysGGX/dT9p9qnzFbnN5PQsUY+JJk2Nx8fKFydjGiQ+6rWPeW17RAv9mmbboh9uPVWxVlw==
    dependencies:
      "@aws-sdk/types" "3.257.0"
      bowser "^2.11.0"
      tslib "^2.3.1"
  
  "@aws-sdk/util-user-agent-node@3.259.0":
    version "3.259.0"
    resolved "https://registry.yarnpkg.com/@aws-sdk/util-user-agent-node/-/util-user-agent-node-3.259.0.tgz#61141a0d64668ebcbbb1ac3dac1f497ca9f3707e"
    integrity sha512-R0VTmNs+ySDDebU98BUbsLyeIM5YmAEr9esPpy15XfSy3AWmAeru8nLlztdaLilHZzLIDzvM2t7NGk/FzZFCvA==
    dependencies:
      "@aws-sdk/node-config-provider" "3.259.0"
      "@aws-sdk/types" "3.257.0"
      tslib "^2.3.1"
  
  "@aws-sdk/util-utf8-browser@^3.0.0":
    version "3.259.0"
    resolved "https://registry.yarnpkg.com/@aws-sdk/util-utf8-browser/-/util-utf8-browser-3.259.0.tgz#3275a6f5eb334f96ca76635b961d3c50259fd9ff"
    integrity sha512-UvFa/vR+e19XookZF8RzFZBrw2EUkQWxiBW0yYQAhvk3C+QVGl0H3ouca8LDBlBfQKXwmW3huo/59H8rwb1wJw==
    dependencies:
      tslib "^2.3.1"
  
  "@aws-sdk/util-utf8@3.254.0":
    version "3.254.0"
    resolved "https://registry.yarnpkg.com/@aws-sdk/util-utf8/-/util-utf8-3.254.0.tgz#909af9c6549833a9a9bf77004b7484bfc96b2c35"
    integrity sha512-14Kso/eIt5/qfIBmhEL9L1IfyUqswjSTqO2mY7KOzUZ9SZbwn3rpxmtkhmATkRjD7XIlLKaxBkI7tU9Zjzj8Kw==
    dependencies:
      "@aws-sdk/util-buffer-from" "3.208.0"
      tslib "^2.3.1"
  
  "@cspotcode/source-map-support@^0.8.0":
    version "0.8.1"
    resolved "https://registry.yarnpkg.com/@cspotcode/source-map-support/-/source-map-support-0.8.1.tgz#00629c35a688e05a88b1cda684fb9d5e73f000a1"
    integrity sha512-IchNf6dN4tHoMFIn/7OE8LWZ19Y6q/67Bmf6vnGREv8RSbBVb9LPJxEcnwrcwX6ixSvaiGoomAUvu4YSxXrVgw==
    dependencies:
      "@jridgewell/trace-mapping" "0.3.9"
  
  "@jridgewell/resolve-uri@^3.0.3":
    version "3.1.0"
    resolved "https://registry.yarnpkg.com/@jridgewell/resolve-uri/-/resolve-uri-3.1.0.tgz#2203b118c157721addfe69d47b70465463066d78"
    integrity sha512-F2msla3tad+Mfht5cJq7LSXcdudKTWCVYUgw6pLFOOHSTtZlj6SWNYAp+AhuqLmWdBO2X5hPrLcu8cVP8fy28w==
  
  "@jridgewell/sourcemap-codec@^1.4.10":
    version "1.4.14"
    resolved "https://registry.yarnpkg.com/@jridgewell/sourcemap-codec/-/sourcemap-codec-1.4.14.tgz#add4c98d341472a289190b424efbdb096991bb24"
    integrity sha512-XPSJHWmi394fuUuzDnGz1wiKqWfo1yXecHQMRf2l6hztTO+nPru658AyDngaBe7isIxEkRsPR3FZh+s7iVa4Uw==
  
  "@jridgewell/trace-mapping@0.3.9":
    version "0.3.9"
    resolved "https://registry.yarnpkg.com/@jridgewell/trace-mapping/-/trace-mapping-0.3.9.tgz#6534fd5933a53ba7cbf3a17615e273a0d1273ff9"
    integrity sha512-3Belt6tdc8bPgAtbcmdtNJlirVoTmEb5e2gC94PnkwEW9jI6CAHUeoG85tjWP5WquqfavoMtMwiG4P926ZKKuQ==
    dependencies:
      "@jridgewell/resolve-uri" "^3.0.3"
      "@jridgewell/sourcemap-codec" "^1.4.10"
  
  "@tsconfig/node10@^1.0.7":
    version "1.0.9"
    resolved "https://registry.yarnpkg.com/@tsconfig/node10/-/node10-1.0.9.tgz#df4907fc07a886922637b15e02d4cebc4c0021b2"
    integrity sha512-jNsYVVxU8v5g43Erja32laIDHXeoNvFEpX33OK4d6hljo3jDhCBDhx5dhCCTMWUojscpAagGiRkBKxpdl9fxqA==
  
  "@tsconfig/node12@^1.0.7":
    version "1.0.11"
    resolved "https://registry.yarnpkg.com/@tsconfig/node12/-/node12-1.0.11.tgz#ee3def1f27d9ed66dac6e46a295cffb0152e058d"
    integrity sha512-cqefuRsh12pWyGsIoBKJA9luFu3mRxCA+ORZvA4ktLSzIuCUtWVxGIuXigEwO5/ywWFMZ2QEGKWvkZG1zDMTag==
  
  "@tsconfig/node14@^1.0.0":
    version "1.0.3"
    resolved "https://registry.yarnpkg.com/@tsconfig/node14/-/node14-1.0.3.tgz#e4386316284f00b98435bf40f72f75a09dabf6c1"
    integrity sha512-ysT8mhdixWK6Hw3i1V2AeRqZ5WfXg1G43mqoYlM2nc6388Fq5jcXyr5mRsqViLx/GJYdoL0bfXD8nmF+Zn/Iow==
  
  "@tsconfig/node16@^1.0.2":
    version "1.0.3"
    resolved "https://registry.yarnpkg.com/@tsconfig/node16/-/node16-1.0.3.tgz#472eaab5f15c1ffdd7f8628bd4c4f753995ec79e"
    integrity sha512-yOlFc+7UtL/89t2ZhjPvvB/DeAr3r+Dq58IgzsFkOAvVC6NMJXmCGjbptdXdR9qsX7pKcTL+s87FtYREi2dEEQ==
  
  "@types/node@*", "@types/node@^18.11.18":
    version "18.11.18"
    resolved "https://registry.yarnpkg.com/@types/node/-/node-18.11.18.tgz#8dfb97f0da23c2293e554c5a50d61ef134d7697f"
    integrity sha512-DHQpWGjyQKSHj3ebjFI/wRKcqQcdR+MoFBygntYOZytCqNfkd2ZC4ARDJ2DQqhjH5p85Nnd3jhUJIXrszFX/JA==
  
  "@types/webidl-conversions@*":
    version "7.0.0"
    resolved "https://registry.yarnpkg.com/@types/webidl-conversions/-/webidl-conversions-7.0.0.tgz#2b8e60e33906459219aa587e9d1a612ae994cfe7"
    integrity sha512-xTE1E+YF4aWPJJeUzaZI5DRntlkY3+BCVJi0axFptnjGmAoWxkyREIh/XMrfxVLejwQxMCfDXdICo0VLxThrog==
  
  "@types/whatwg-url@^8.2.1":
    version "8.2.2"
    resolved "https://registry.yarnpkg.com/@types/whatwg-url/-/whatwg-url-8.2.2.tgz#749d5b3873e845897ada99be4448041d4cc39e63"
    integrity sha512-FtQu10RWgn3D9U4aazdwIE2yzphmTJREDqNdODHrbrZmmMqI0vMheC/6NE/J1Yveaj8H+ela+YwWTjq5PGmuhA==
    dependencies:
      "@types/node" "*"
      "@types/webidl-conversions" "*"
  
  acorn-walk@^8.1.1:
    version "8.2.0"
    resolved "https://registry.yarnpkg.com/acorn-walk/-/acorn-walk-8.2.0.tgz#741210f2e2426454508853a2f44d0ab83b7f69c1"
    integrity sha512-k+iyHEuPgSw6SbuDpGQM+06HQUa04DZ3o+F6CSzXMvvI5KMvnaEqXe+YVe555R9nn6GPt404fos4wcgpw12SDA==
  
  acorn@^8.4.1:
    version "8.8.2"
    resolved "https://registry.yarnpkg.com/acorn/-/acorn-8.8.2.tgz#1b2f25db02af965399b9776b0c2c391276d37c4a"
    integrity sha512-xjIYgE8HBrkpd/sJqOGNspf8uHG+NOHGOw6a/Urj8taM2EXfdNAH2oFcPeIFfsv3+kz/mJrS5VuMqbNLjCa2vw==
  
  arg@^4.1.0:
    version "4.1.3"
    resolved "https://registry.yarnpkg.com/arg/-/arg-4.1.3.tgz#269fc7ad5b8e42cb63c896d5666017261c144089"
    integrity sha512-58S9QDqG0Xx27YwPSt9fJxivjYl432YCwfDMfZ+71RAqUrZef7LrKQZ3LHLOwCS4FLNBplP533Zx895SeOCHvA==
  
  base64-js@^1.3.1:
    version "1.5.1"
    resolved "https://registry.yarnpkg.com/base64-js/-/base64-js-1.5.1.tgz#1b1b440160a5bf7ad40b650f095963481903930a"
    integrity sha512-AKpaYlHn8t4SVbOHCy+b5+KKgvR4vrsD8vbvrbiQJps7fKDTkjkDry6ji0rUJjC0kzbNePLwzxq8iypo41qeWA==
  
  bowser@^2.11.0:
    version "2.11.0"
    resolved "https://registry.yarnpkg.com/bowser/-/bowser-2.11.0.tgz#5ca3c35757a7aa5771500c70a73a9f91ef420a8f"
    integrity sha512-AlcaJBi/pqqJBIQ8U9Mcpc9i8Aqxn88Skv5d+xBX006BY5u8N3mGLHa5Lgppa7L/HfwgwLgZ6NYs+Ag6uUmJRA==
  
  bson@^4.7.0:
    version "4.7.2"
    resolved "https://registry.yarnpkg.com/bson/-/bson-4.7.2.tgz#320f4ad0eaf5312dd9b45dc369cc48945e2a5f2e"
    integrity sha512-Ry9wCtIZ5kGqkJoi6aD8KjxFZEx78guTQDnpXWiNthsxzrxAK/i8E6pCHAIZTbaEFWcOCvbecMukfK7XUvyLpQ==
    dependencies:
      buffer "^5.6.0"
  
  buffer@^5.6.0:
    version "5.7.1"
    resolved "https://registry.yarnpkg.com/buffer/-/buffer-5.7.1.tgz#ba62e7c13133053582197160851a8f648e99eed0"
    integrity sha512-EHcyIPBQ4BSGlvjB16k5KgAJ27CIsHY/2JBmCRReo48y9rQ3MaUzWX3KVlBa4U7MyX02HdVj0K7C3WaB3ju7FQ==
    dependencies:
      base64-js "^1.3.1"
      ieee754 "^1.1.13"
  
  create-require@^1.1.0:
    version "1.1.1"
    resolved "https://registry.yarnpkg.com/create-require/-/create-require-1.1.1.tgz#c1d7e8f1e5f6cfc9ff65f9cd352d37348756c333"
    integrity sha512-dcKFX3jn0MpIaXjisoRvexIJVEKzaq7z2rZKxf+MSr9TkdmHmsU4m2lcLojrj/FHl8mk5VxMmYA+ftRkP/3oKQ==
  
  debug@4.x:
    version "4.3.4"
    resolved "https://registry.yarnpkg.com/debug/-/debug-4.3.4.tgz#1319f6579357f2338d3337d2cdd4914bb5dcc865"
    integrity sha512-PRWFHuSU3eDtQJPvnNY7Jcket1j0t5OuOsFzPPzsekD52Zl8qUfFIPEiswXqIvHWGVHOgX+7G/vCNNhehwxfkQ==
    dependencies:
      ms "2.1.2"
  
  diff@^4.0.1:
    version "4.0.2"
    resolved "https://registry.yarnpkg.com/diff/-/diff-4.0.2.tgz#60f3aecb89d5fae520c11aa19efc2bb982aade7d"
    integrity sha512-58lmxKSA4BNyLz+HHMUzlOEpg09FV+ev6ZMe3vJihgdxzgcwZ8VoEEPmALCZG9LmqfVoNMMKpttIYTVG6uDY7A==
  
  dotenv@^16.0.3:
    version "16.0.3"
    resolved "https://registry.yarnpkg.com/dotenv/-/dotenv-16.0.3.tgz#115aec42bac5053db3c456db30cc243a5a836a07"
    integrity sha512-7GO6HghkA5fYG9TYnNxi14/7K9f5occMlp3zXAuSxn7CKCxt9xbNWG7yF8hTCSUchlfWSe3uLmlPfigevRItzQ==
  
  expres@^0.0.5:
    version "0.0.5"
    resolved "https://registry.yarnpkg.com/expres/-/expres-0.0.5.tgz#bf4484749f83920cb116d6baf6da230220d1fb9c"
    integrity sha512-pK2yFc2Ke66rveH6iq6YJr63v55cFP6fs2xhoJ7RUGg+uwwApMlod3IwVm8zEtKH4ALqSvaGQF4cNemsyApd/w==
  
  fast-xml-parser@4.0.11:
    version "4.0.11"
    resolved "https://registry.yarnpkg.com/fast-xml-parser/-/fast-xml-parser-4.0.11.tgz#42332a9aca544520631c8919e6ea871c0185a985"
    integrity sha512-4aUg3aNRR/WjQAcpceODG1C3x3lFANXRo8+1biqfieHmg9pyMt7qB4lQV/Ta6sJCTbA5vfD8fnA8S54JATiFUA==
    dependencies:
      strnum "^1.0.5"
  
  ieee754@^1.1.13:
    version "1.2.1"
    resolved "https://registry.yarnpkg.com/ieee754/-/ieee754-1.2.1.tgz#8eb7a10a63fff25d15a57b001586d177d1b0d352"
    integrity sha512-dcyqhDvX1C46lXZcVqCpK+FtMRQVdIMN6/Df5js2zouUsqG7I6sFxitIC+7KYK29KdXOLHdu9zL4sFnoVQnqaA==
  
  ip@^2.0.0:
    version "2.0.0"
    resolved "https://registry.yarnpkg.com/ip/-/ip-2.0.0.tgz#4cf4ab182fee2314c75ede1276f8c80b479936da"
    integrity sha512-WKa+XuLG1A1R0UWhl2+1XQSi+fZWMsYKffMZTTYsiZaUD8k2yDAj5atimTUD2TZkyCkNEeYE5NhFZmupOGtjYQ==
  
  kareem@2.5.1:
    version "2.5.1"
    resolved "https://registry.yarnpkg.com/kareem/-/kareem-2.5.1.tgz#7b8203e11819a8e77a34b3517d3ead206764d15d"
    integrity sha512-7jFxRVm+jD+rkq3kY0iZDJfsO2/t4BBPeEb2qKn2lR/9KhuksYk5hxzfRYWMPV8P/x2d0kHD306YyWLzjjH+uA==
  
  make-error@^1.1.1:
    version "1.3.6"
    resolved "https://registry.yarnpkg.com/make-error/-/make-error-1.3.6.tgz#2eb2e37ea9b67c4891f684a1394799af484cf7a2"
    integrity sha512-s8UhlNe7vPKomQhC1qFelMokr/Sc3AgNbso3n74mVPA5LTZwkB9NlXf4XPamLxJE8h0gh73rM94xvwRT2CVInw==
  
  memory-pager@^1.0.2:
    version "1.5.0"
    resolved "https://registry.yarnpkg.com/memory-pager/-/memory-pager-1.5.0.tgz#d8751655d22d384682741c972f2c3d6dfa3e66b5"
    integrity sha512-ZS4Bp4r/Zoeq6+NLJpP+0Zzm0pR8whtGPf1XExKLJBAczGMnSi3It14OiNCStjQjM6NU1okjQGSxgEZN8eBYKg==
  
  mongodb-connection-string-url@^2.5.4:
    version "2.6.0"
    resolved "https://registry.yarnpkg.com/mongodb-connection-string-url/-/mongodb-connection-string-url-2.6.0.tgz#57901bf352372abdde812c81be47b75c6b2ec5cf"
    integrity sha512-WvTZlI9ab0QYtTYnuMLgobULWhokRjtC7db9LtcVfJ+Hsnyr5eo6ZtNAt3Ly24XZScGMelOcGtm7lSn0332tPQ==
    dependencies:
      "@types/whatwg-url" "^8.2.1"
      whatwg-url "^11.0.0"
  
  mongodb@4.13.0:
    version "4.13.0"
    resolved "https://registry.yarnpkg.com/mongodb/-/mongodb-4.13.0.tgz#2aa832b827e2891eb2e52e8235c201cbb4701ed2"
    integrity sha512-+taZ/bV8d1pYuHL4U+gSwkhmDrwkWbH1l4aah4YpmpscMwgFBkufIKxgP/G7m87/NUuQzc2Z75ZTI7ZOyqZLbw==
    dependencies:
      bson "^4.7.0"
      mongodb-connection-string-url "^2.5.4"
      socks "^2.7.1"
    optionalDependencies:
      "@aws-sdk/credential-providers" "^3.186.0"
      saslprep "^1.0.3"
  
  mongoose@^6.9.0:
    version "6.9.0"
    resolved "https://registry.yarnpkg.com/mongoose/-/mongoose-6.9.0.tgz#cfc5acb2e4aa8188eb248e98a920a829ffcc273d"
    integrity sha512-5tu6+trwjk5TIH6b6iYgAwmzZ0RNOxFoqXQb9h21Oi45DeM1rWM/niHxJ4ROqBISDfQMwRvLSABHTsyn3AzoFQ==
    dependencies:
      bson "^4.7.0"
      kareem "2.5.1"
      mongodb "4.13.0"
      mpath "0.9.0"
      mquery "4.0.3"
      ms "2.1.3"
      sift "16.0.1"
  
  mpath@0.9.0:
    version "0.9.0"
    resolved "https://registry.yarnpkg.com/mpath/-/mpath-0.9.0.tgz#0c122fe107846e31fc58c75b09c35514b3871904"
    integrity sha512-ikJRQTk8hw5DEoFVxHG1Gn9T/xcjtdnOKIU1JTmGjZZlg9LST2mBLmcX3/ICIbgJydT2GOc15RnNy5mHmzfSew==
  
  mquery@4.0.3:
    version "4.0.3"
    resolved "https://registry.yarnpkg.com/mquery/-/mquery-4.0.3.tgz#4d15f938e6247d773a942c912d9748bd1965f89d"
    integrity sha512-J5heI+P08I6VJ2Ky3+33IpCdAvlYGTSUjwTPxkAr8i8EoduPMBX2OY/wa3IKZIQl7MU4SbFk8ndgSKyB/cl1zA==
    dependencies:
      debug "4.x"
  
  ms@2.1.2:
    version "2.1.2"
    resolved "https://registry.yarnpkg.com/ms/-/ms-2.1.2.tgz#d09d1f357b443f493382a8eb3ccd183872ae6009"
    integrity sha512-sGkPx+VjMtmA6MX27oA4FBFELFCZZ4S4XqeGOXCv68tT+jb3vk/RyaKWP0PTKyWtmLSM0b+adUTEvbs1PEaH2w==
  
  ms@2.1.3:
    version "2.1.3"
    resolved "https://registry.yarnpkg.com/ms/-/ms-2.1.3.tgz#574c8138ce1d2b5861f0b44579dbadd60c6615b2"
    integrity sha512-6FlzubTLZG3J2a/NVCAleEhjzq5oxgHyaCU9yYXvcLsvoVaHJq/s5xXI6/XXP6tz7R9xAOtHnSO/tXtF3WRTlA==
  
  punycode@^2.1.1:
    version "2.3.0"
    resolved "https://registry.yarnpkg.com/punycode/-/punycode-2.3.0.tgz#f67fa67c94da8f4d0cfff981aee4118064199b8f"
    integrity sha512-rRV+zQD8tVFys26lAGR9WUuS4iUAngJScM+ZRSKtvl5tKeZ2t5bvdNFdNHBW9FWR4guGHlgmsZ1G7BSm2wTbuA==
  
  saslprep@^1.0.3:
    version "1.0.3"
    resolved "https://registry.yarnpkg.com/saslprep/-/saslprep-1.0.3.tgz#4c02f946b56cf54297e347ba1093e7acac4cf226"
    integrity sha512-/MY/PEMbk2SuY5sScONwhUDsV2p77Znkb/q3nSVstq/yQzYJOH/Azh29p9oJLsl3LnQwSvZDKagDGBsBwSooag==
    dependencies:
      sparse-bitfield "^3.0.3"
  
  sift@16.0.1:
    version "16.0.1"
    resolved "https://registry.yarnpkg.com/sift/-/sift-16.0.1.tgz#e9c2ccc72191585008cf3e36fc447b2d2633a053"
    integrity sha512-Wv6BjQ5zbhW7VFefWusVP33T/EM0vYikCaQ2qR8yULbsilAT8/wQaXvuQ3ptGLpoKx+lihJE3y2UTgKDyyNHZQ==
  
  smart-buffer@^4.2.0:
    version "4.2.0"
    resolved "https://registry.yarnpkg.com/smart-buffer/-/smart-buffer-4.2.0.tgz#6e1d71fa4f18c05f7d0ff216dd16a481d0e8d9ae"
    integrity sha512-94hK0Hh8rPqQl2xXc3HsaBoOXKV20MToPkcXvwbISWLEs+64sBq5kFgn2kJDHb1Pry9yrP0dxrCI9RRci7RXKg==
  
  socks@^2.7.1:
    version "2.7.1"
    resolved "https://registry.yarnpkg.com/socks/-/socks-2.7.1.tgz#d8e651247178fde79c0663043e07240196857d55"
    integrity sha512-7maUZy1N7uo6+WVEX6psASxtNlKaNVMlGQKkG/63nEDdLOWNbiUMoLK7X4uYoLhQstau72mLgfEWcXcwsaHbYQ==
    dependencies:
      ip "^2.0.0"
      smart-buffer "^4.2.0"
  
  sparse-bitfield@^3.0.3:
    version "3.0.3"
    resolved "https://registry.yarnpkg.com/sparse-bitfield/-/sparse-bitfield-3.0.3.tgz#ff4ae6e68656056ba4b3e792ab3334d38273ca11"
    integrity sha512-kvzhi7vqKTfkh0PZU+2D2PIllw2ymqJKujUcyPMd9Y75Nv4nPbGJZXNhxsgdQab2BmlDct1YnfQCguEvHr7VsQ==
    dependencies:
      memory-pager "^1.0.2"
  
  strnum@^1.0.5:
    version "1.0.5"
    resolved "https://registry.yarnpkg.com/strnum/-/strnum-1.0.5.tgz#5c4e829fe15ad4ff0d20c3db5ac97b73c9b072db"
    integrity sha512-J8bbNyKKXl5qYcR36TIO8W3mVGVHrmmxsd5PAItGkmyzwJvybiw2IVq5nqd0i4LSNSkB/sx9VHllbfFdr9k1JA==
  
  tr46@^3.0.0:
    version "3.0.0"
    resolved "https://registry.yarnpkg.com/tr46/-/tr46-3.0.0.tgz#555c4e297a950617e8eeddef633c87d4d9d6cbf9"
    integrity sha512-l7FvfAHlcmulp8kr+flpQZmVwtu7nfRV7NZujtN0OqES8EL4O4e0qqzL0DC5gAvx/ZC/9lk6rhcUwYvkBnBnYA==
    dependencies:
      punycode "^2.1.1"
  
  ts-node@^10.9.1:
    version "10.9.1"
    resolved "https://registry.yarnpkg.com/ts-node/-/ts-node-10.9.1.tgz#e73de9102958af9e1f0b168a6ff320e25adcff4b"
    integrity sha512-NtVysVPkxxrwFGUUxGYhfux8k78pQB3JqYBXlLRZgdGUqTO5wU/UyHop5p70iEbGhB7q5KmiZiU0Y3KlJrScEw==
    dependencies:
      "@cspotcode/source-map-support" "^0.8.0"
      "@tsconfig/node10" "^1.0.7"
      "@tsconfig/node12" "^1.0.7"
      "@tsconfig/node14" "^1.0.0"
      "@tsconfig/node16" "^1.0.2"
      acorn "^8.4.1"
      acorn-walk "^8.1.1"
      arg "^4.1.0"
      create-require "^1.1.0"
      diff "^4.0.1"
      make-error "^1.1.1"
      v8-compile-cache-lib "^3.0.1"
      yn "3.1.1"
  
  tslib@^1.11.1:
    version "1.14.1"
    resolved "https://registry.yarnpkg.com/tslib/-/tslib-1.14.1.tgz#cf2d38bdc34a134bcaf1091c41f6619e2f672d00"
    integrity sha512-Xni35NKzjgMrwevysHTCArtLDpPvye8zV/0E4EyYn43P7/7qvQwPh9BGkHewbMulVntbigmcT7rdX3BNo9wRJg==
  
  tslib@^2.3.1:
    version "2.5.0"
    resolved "https://registry.yarnpkg.com/tslib/-/tslib-2.5.0.tgz#42bfed86f5787aeb41d031866c8f402429e0fddf"
    integrity sha512-336iVw3rtn2BUK7ORdIAHTyxHGRIHVReokCR3XjbckJMK7ms8FysBfhLR8IXnAgy7T0PTPNBWKiH514FOW/WSg==
  
  uuid@^8.3.2:
    version "8.3.2"
    resolved "https://registry.yarnpkg.com/uuid/-/uuid-8.3.2.tgz#80d5b5ced271bb9af6c445f21a1a04c606cefbe2"
    integrity sha512-+NYs2QeMWy+GWFOEm9xnn6HCDp0l7QBD7ml8zLUmJ+93Q5NF0NocErnwkTkXVFNiX3/fpC6afS8Dhb/gz7R7eg==
  
  v8-compile-cache-lib@^3.0.1:
    version "3.0.1"
    resolved "https://registry.yarnpkg.com/v8-compile-cache-lib/-/v8-compile-cache-lib-3.0.1.tgz#6336e8d71965cb3d35a1bbb7868445a7c05264bf"
    integrity sha512-wa7YjyUGfNZngI/vtK0UHAN+lgDCxBPCylVXGp0zu59Fz5aiGtNXaq3DhIov063MorB+VfufLh3JlF2KdTK3xg==
  
  webidl-conversions@^7.0.0:
    version "7.0.0"
    resolved "https://registry.yarnpkg.com/webidl-conversions/-/webidl-conversions-7.0.0.tgz#256b4e1882be7debbf01d05f0aa2039778ea080a"
    integrity sha512-VwddBukDzu71offAQR975unBIGqfKZpM+8ZX6ySk8nYhVoo5CYaZyzt3YBvYtRtO+aoGlqxPg/B87NGVZ/fu6g==
  
  whatwg-url@^11.0.0:
    version "11.0.0"
    resolved "https://registry.yarnpkg.com/whatwg-url/-/whatwg-url-11.0.0.tgz#0a849eebb5faf2119b901bb76fd795c2848d4018"
    integrity sha512-RKT8HExMpoYx4igMiVMY83lN6UeITKJlBQ+vR/8ZJ8OCdSiN3RwCq+9gH0+Xzj0+5IrM6i4j/6LuvzbZIQgEcQ==
    dependencies:
      tr46 "^3.0.0"
      webidl-conversions "^7.0.0"
  
  yn@3.1.1:
    version "3.1.1"
    resolved "https://registry.yarnpkg.com/yn/-/yn-3.1.1.tgz#1e87401a09d767c1d5eab26a6e4c185182d2eb50"
    integrity sha512-Ux4ygGWsu2c7isFWe8Yu1YluJmqVhxqK2cLXNQA5AcC3QfbGNpM7fu0Y8b/z16pXLnFxZYvWhd3fhBY9DLmC6Q==
